<?xml version="1.0" encoding="UTF-8"?>
<!-- Generated by org.testng.reporters.JUnitReportReporter -->
<testsuite hostname="LAPTOP-PQCAM2GB" failures="0" tests="1" name="testCases.Test_Verify_All_Links" time="155.855" errors="0" timestamp="2020-08-09T20:44:06 CDT" skipped="0">
  <testcase classname="testCases.Test_Verify_All_Links" name="verify_all__links_of_the_page" time="155.855"/>
  <system-out/>
</testsuite> <!-- testCases.Test_Verify_All_Links -->
