<?xml version="1.0" encoding="UTF-8"?>
<!-- Generated by org.testng.reporters.JUnitReportReporter -->
<testsuite skipped="0" hostname="LAPTOP-PQCAM2GB" name="testCases.Test_Verify_Event_Calender" tests="1" failures="0" timestamp="2020-08-09T23:26:45 CDT" time="1.169" errors="0">
  <testcase name="Verify_event_calendar_link_is_displayed" time="1.169" classname="testCases.Test_Verify_Event_Calender"/>
  <system-out/>
</testsuite> <!-- testCases.Test_Verify_Event_Calender -->
