<?xml version="1.0" encoding="UTF-8"?>
<!-- Generated by org.testng.reporters.JUnitReportReporter -->
<testsuite hostname="SkySchooling" failures="0" tests="5" name="testCases.Test_FilterSearch" time="113.281" errors="0" timestamp="2020-08-04T00:42:55 CDT" skipped="0">
  <testcase classname="testCases.Test_FilterSearch" name="test_FilterSearch" time="21.252"/>
  <system-out/>
  <testcase classname="testCases.Test_FilterSearch" name="test_FilterSearch" time="25.083"/>
  <system-out/>
  <testcase classname="testCases.Test_FilterSearch" name="test_FilterSearch" time="21.793"/>
  <system-out/>
  <testcase classname="testCases.Test_FilterSearch" name="test_FilterSearch" time="23.683"/>
  <system-out/>
  <testcase classname="testCases.Test_FilterSearch" name="test_FilterSearch" time="21.470"/>
  <system-out/>
</testsuite> <!-- testCases.Test_FilterSearch -->
