<?xml version="1.0" encoding="UTF-8"?>
<!-- Generated by org.testng.reporters.JUnitReportReporter -->
<testsuite skipped="0" hostname="LAPTOP-PQCAM2GB" name="testCases.Test_Map_Displayed" tests="1" failures="0" timestamp="2020-08-09T23:26:45 CDT" time="11.631" errors="0">
  <testcase name="Map_Displayed" time="11.631" classname="testCases.Test_Map_Displayed"/>
  <system-out/>
</testsuite> <!-- testCases.Test_Map_Displayed -->
