<?xml version="1.0" encoding="UTF-8"?>
<!-- Generated by org.testng.reporters.JUnitReportReporter -->
<testsuite skipped="0" hostname="LAPTOP-PQCAM2GB" name="testCases.Test_Search_Results_Pagegination" tests="5" failures="0" timestamp="2020-08-09T23:26:45 CDT" time="4.729" errors="0">
  <testcase name="Search_Results_Pagegination_IsDisplayed" time="4.338" classname="testCases.Test_Search_Results_Pagegination"/>
  <system-out/>
  <testcase name="next_boutton_IsDisplayed" time="0.117" classname="testCases.Test_Search_Results_Pagegination"/>
  <system-out/>
  <testcase name="next_boutton_Enabled" time="0.083" classname="testCases.Test_Search_Results_Pagegination"/>
  <system-out/>
  <testcase name="previous_Button_IsDisplayed" time="0.122" classname="testCases.Test_Search_Results_Pagegination"/>
  <system-out/>
  <testcase name="previous_Button_isEnabled" time="0.069" classname="testCases.Test_Search_Results_Pagegination"/>
  <system-out/>
</testsuite> <!-- testCases.Test_Search_Results_Pagegination -->
