<?xml version="1.0" encoding="UTF-8"?>
<!-- Generated by org.testng.reporters.JUnitReportReporter -->
<testsuite skipped="0" hostname="LAPTOP-PQCAM2GB" name="testCases.Test_CL_Worlwide_Is_Displayed" tests="2" failures="0" timestamp="2020-08-09T23:26:45 CDT" time="4.565" errors="0">
  <testcase name="center" time="2.214" classname="testCases.Test_CL_Worlwide_Is_Displayed"/>
  <system-out/>
  <testcase name="verify_CL_Worlwide_Is_Displayed" time="2.351" classname="testCases.Test_CL_Worlwide_Is_Displayed"/>
  <system-out/>
</testsuite> <!-- testCases.Test_CL_Worlwide_Is_Displayed -->
