<?xml version="1.0" encoding="UTF-8"?>
<!-- Generated by org.testng.reporters.JUnitReportReporter -->
<testsuite skipped="0" hostname="LAPTOP-PQCAM2GB" name="testCases.Test_Next_And_Previous_Button" tests="1" failures="0" timestamp="2020-08-09T23:26:45 CDT" time="5.049" errors="0">
  <testcase name="Next_And_Previous_Button" time="5.049" classname="testCases.Test_Next_And_Previous_Button"/>
  <system-out/>
</testsuite> <!-- testCases.Test_Next_And_Previous_Button -->
