<?xml version="1.0" encoding="UTF-8"?>
<!-- Generated by org.testng.reporters.JUnitReportReporter -->
<testsuite skipped="0" hostname="LAPTOP-PQCAM2GB" name="testCases.Test_Sum_All_The_search_List_Price" tests="1" failures="0" timestamp="2020-08-09T23:29:37 CDT" time="24.190" errors="0">
  <testcase name="Sum_all_the_list_prices" time="24.190" classname="testCases.Test_Sum_All_The_search_List_Price"/>
  <system-out/>
</testsuite> <!-- testCases.Test_Sum_All_The_search_List_Price -->
