<?xml version="1.0" encoding="UTF-8"?>
<!-- Generated by org.testng.reporters.JUnitReportReporter -->
<testsuite skipped="0" hostname="LAPTOP-PQCAM2GB" name="testCases.Test_Newest_Menu_Contains" tests="1" failures="0" timestamp="2020-08-09T23:26:45 CDT" time="74.274" errors="0">
  <testcase name="Newest_Menu_Contains" time="74.274" classname="testCases.Test_Newest_Menu_Contains"/>
  <system-out/>
</testsuite> <!-- testCases.Test_Newest_Menu_Contains -->
