<?xml version="1.0" encoding="UTF-8"?>
<!-- Generated by org.testng.reporters.JUnitReportReporter -->
<testsuite skipped="0" hostname="LAPTOP-PQCAM2GB" name="testCases.Test_Count_All_The_Search_List_Item" tests="1" failures="0" timestamp="2020-08-09T23:26:45 CDT" time="3.563" errors="0">
  <testcase name="Count_All_The_Search_List_Item" time="3.563" classname="testCases.Test_Count_All_The_Search_List_Item"/>
  <system-out/>
</testsuite> <!-- testCases.Test_Count_All_The_Search_List_Item -->
