<?xml version="1.0" encoding="UTF-8"?>
<!-- Generated by org.testng.reporters.JUnitReportReporter -->
<testsuite skipped="0" hostname="LAPTOP-PQCAM2GB" name="testCases.Test_Save_Search_Properly" tests="1" failures="0" timestamp="2020-08-09T23:26:45 CDT" time="6.110" errors="0">
  <testcase name="Save_Search_IsDisplayed" time="6.110" classname="testCases.Test_Save_Search_Properly"/>
  <system-out/>
</testsuite> <!-- testCases.Test_Save_Search_Properly -->
