<?xml version="1.0" encoding="UTF-8"?>
<!-- Generated by org.testng.reporters.JUnitReportReporter -->
<testsuite skipped="0" hostname="LAPTOP-PQCAM2GB" name="testCases.Test_Searched_Item_Title_Bar" tests="1" failures="0" timestamp="2020-08-09T23:26:45 CDT" time="2.314" errors="0">
  <testcase name="Searched_Item" time="2.314" classname="testCases.Test_Searched_Item_Title_Bar"/>
  <system-out/>
</testsuite> <!-- testCases.Test_Searched_Item_Title_Bar -->
