<?xml version="1.0" encoding="UTF-8"?>
<!-- Generated by org.testng.reporters.JUnitReportReporter -->
<testsuite skipped="0" hostname="LAPTOP-PQCAM2GB" name="testCases.Test_HomePage_E2E" tests="1" failures="0" timestamp="2020-08-09T23:26:45 CDT" time="5.735" errors="0">
  <testcase name="home_page_Status" time="5.735" classname="testCases.Test_HomePage_E2E"/>
  <system-out/>
</testsuite> <!-- testCases.Test_HomePage_E2E -->
