<?xml version="1.0" encoding="UTF-8"?>
<!-- Generated by org.testng.reporters.JUnitReportReporter -->
<testsuite skipped="0" hostname="LAPTOP-PQCAM2GB" name="testCases.Test_Language_Change_E2E" tests="1" failures="0" timestamp="2020-08-09T23:26:45 CDT" time="29.094" errors="0">
  <testcase name="Language_Change" time="29.094" classname="testCases.Test_Language_Change_E2E"/>
  <system-out/>
</testsuite> <!-- testCases.Test_Language_Change_E2E -->
