<?xml version="1.0" encoding="UTF-8"?>
<!-- Generated by org.testng.reporters.JUnitReportReporter -->
<testsuite skipped="0" hostname="LAPTOP-PQCAM2GB" name="testCases.Test_City_IsDisplayed" tests="2" failures="0" timestamp="2020-08-09T23:26:45 CDT" time="2.111" errors="0">
  <testcase name="verify_test_city_isEnabled_in_the_search_filter_page" time="0.059" classname="testCases.Test_City_IsDisplayed"/>
  <system-out/>
  <testcase name="verifyTest_City_IsDisplayed" time="2.052" classname="testCases.Test_City_IsDisplayed"/>
  <system-out/>
</testsuite> <!-- testCases.Test_City_IsDisplayed -->
