<?xml version="1.0" encoding="UTF-8"?>
<!-- Generated by org.testng.reporters.JUnitReportReporter -->
<testsuite skipped="0" hostname="LAPTOP-PQCAM2GB" name="testCases.Test_Gallery_Menu" tests="2" failures="0" timestamp="2020-08-09T23:26:45 CDT" time="12.613" errors="0">
  <testcase name="Gallery_Menu" time="11.922" classname="testCases.Test_Gallery_Menu"/>
  <system-out/>
  <testcase name="gallery" time="0.691" classname="testCases.Test_Gallery_Menu"/>
  <system-out/>
</testsuite> <!-- testCases.Test_Gallery_Menu -->
